[2020-07-15 17:25:50.418] [sharedprocess] [info] main {"machineId":"677c4e7fad726b873c9c3655032499a00a8462dd94798636a41a6cc31ea89bab","windowId":3}
[2020-07-15 17:26:30.428] [sharedprocess] [info] Starting to clean up unused language packs.
[2020-07-15 19:13:48.981] [sharedprocess] [info] Installing extension: dlasagno.wal-theme
[2020-07-15 19:13:49.398] [sharedprocess] [info] Downloaded extension: dlasagno.wal-theme /home/ppacher/.config/Code - OSS/CachedExtensionVSIXs/dlasagno.wal-theme-1.0.4
[2020-07-15 19:13:49.480] [sharedprocess] [info] Extracted extension to /home/ppacher/.vscode-oss/extensions/.dlasagno.wal-theme-1.0.4: dlasagno.wal-theme
[2020-07-15 19:13:49.480] [sharedprocess] [info] Renamed to /home/ppacher/.vscode-oss/extensions/dlasagno.wal-theme-1.0.4
[2020-07-15 19:13:49.481] [sharedprocess] [info] Installation completed. dlasagno.wal-theme
[2020-07-15 19:13:49.486] [sharedprocess] [info] Extensions installed successfully: dlasagno.wal-theme
[2020-07-15 19:15:07.828] [sharedprocess] [info] Uninstalling extension: dlasagno.wal-theme
[2020-07-15 19:15:07.839] [sharedprocess] [info] Successfully uninstalled extension: dlasagno.wal-theme
[2020-07-15 19:15:34.214] [sharedprocess] [info] Installing extension: akamud.vscode-theme-onedark
[2020-07-15 19:15:34.541] [sharedprocess] [info] Downloaded extension: akamud.vscode-theme-onedark /home/ppacher/.config/Code - OSS/CachedExtensionVSIXs/akamud.vscode-theme-onedark-2.2.2
[2020-07-15 19:15:34.561] [sharedprocess] [info] Extracted extension to /home/ppacher/.vscode-oss/extensions/.akamud.vscode-theme-onedark-2.2.2: akamud.vscode-theme-onedark
[2020-07-15 19:15:34.561] [sharedprocess] [info] Renamed to /home/ppacher/.vscode-oss/extensions/akamud.vscode-theme-onedark-2.2.2
[2020-07-15 19:15:34.561] [sharedprocess] [info] Installation completed. akamud.vscode-theme-onedark
[2020-07-15 19:15:34.564] [sharedprocess] [info] Extensions installed successfully: akamud.vscode-theme-onedark
[2020-07-15 19:19:20.368] [sharedprocess] [info] Installing extension: seansassenrath.vscode-theme-superonedark
[2020-07-15 19:19:20.753] [sharedprocess] [info] Downloaded extension: seansassenrath.vscode-theme-superonedark /home/ppacher/.config/Code - OSS/CachedExtensionVSIXs/seansassenrath.vscode-theme-superonedark-0.0.15
[2020-07-15 19:19:20.768] [sharedprocess] [info] Extracted extension to /home/ppacher/.vscode-oss/extensions/.seansassenrath.vscode-theme-superonedark-0.0.15: seansassenrath.vscode-theme-superonedark
[2020-07-15 19:19:20.768] [sharedprocess] [info] Renamed to /home/ppacher/.vscode-oss/extensions/seansassenrath.vscode-theme-superonedark-0.0.15
[2020-07-15 19:19:20.770] [sharedprocess] [info] Installation completed. seansassenrath.vscode-theme-superonedark
[2020-07-15 19:19:20.773] [sharedprocess] [info] Extensions installed successfully: seansassenrath.vscode-theme-superonedark
[2020-07-15 19:19:28.647] [sharedprocess] [info] Installing extension: andischerer.theme-atom-one-dark
[2020-07-15 19:19:28.944] [sharedprocess] [info] Downloaded extension: andischerer.theme-atom-one-dark /home/ppacher/.config/Code - OSS/CachedExtensionVSIXs/andischerer.theme-atom-one-dark-0.0.1
[2020-07-15 19:19:28.967] [sharedprocess] [info] Extracted extension to /home/ppacher/.vscode-oss/extensions/.andischerer.theme-atom-one-dark-0.0.1: andischerer.theme-atom-one-dark
[2020-07-15 19:19:28.967] [sharedprocess] [info] Renamed to /home/ppacher/.vscode-oss/extensions/andischerer.theme-atom-one-dark-0.0.1
[2020-07-15 19:19:28.968] [sharedprocess] [info] Installation completed. andischerer.theme-atom-one-dark
[2020-07-15 19:19:28.971] [sharedprocess] [info] Extensions installed successfully: andischerer.theme-atom-one-dark
