[2020-07-15 15:58:08.755] [exthost] [info] extension host started
[2020-07-15 15:58:08.767] [exthost] [info] ExtensionService#_doActivateExtension vscode.debug-auto-launch {"startup":true,"extensionId":{"value":"vscode.debug-auto-launch","_lower":"vscode.debug-auto-launch"},"activationEvent":"*"}
[2020-07-15 15:58:08.767] [exthost] [info] ExtensionService#loadCommonJSModule file:///usr/lib/code/extensions/debug-auto-launch/dist/extension
[2020-07-15 15:58:08.769] [exthost] [info] ExtensionService#_doActivateExtension vscode.emmet {"startup":true,"extensionId":{"value":"vscode.emmet","_lower":"vscode.emmet"},"activationEvent":"*"}
[2020-07-15 15:58:08.769] [exthost] [info] ExtensionService#loadCommonJSModule file:///usr/lib/code/extensions/emmet/dist/extension
[2020-07-15 15:58:08.775] [exthost] [info] ExtensionService#_doActivateExtension vscode.git {"startup":true,"extensionId":{"value":"vscode.github","_lower":"vscode.github"},"activationEvent":"*"}
[2020-07-15 15:58:08.775] [exthost] [info] ExtensionService#loadCommonJSModule file:///usr/lib/code/extensions/git/dist/main
[2020-07-15 15:58:08.785] [exthost] [info] ExtensionService#_doActivateExtension vscode.github-authentication {"startup":true,"extensionId":{"value":"vscode.github-authentication","_lower":"vscode.github-authentication"},"activationEvent":"*"}
[2020-07-15 15:58:08.785] [exthost] [info] ExtensionService#loadCommonJSModule file:///usr/lib/code/extensions/github-authentication/dist/extension.js
[2020-07-15 15:58:08.789] [exthost] [info] ExtensionService#_doActivateExtension vscode.merge-conflict {"startup":true,"extensionId":{"value":"vscode.merge-conflict","_lower":"vscode.merge-conflict"},"activationEvent":"*"}
[2020-07-15 15:58:08.789] [exthost] [info] ExtensionService#loadCommonJSModule file:///usr/lib/code/extensions/merge-conflict/dist/mergeConflictMain
[2020-07-15 15:58:08.790] [exthost] [info] ExtensionService#_doActivateExtension vscode.microsoft-authentication {"startup":true,"extensionId":{"value":"vscode.microsoft-authentication","_lower":"vscode.microsoft-authentication"},"activationEvent":"*"}
[2020-07-15 15:58:08.790] [exthost] [info] ExtensionService#loadCommonJSModule file:///usr/lib/code/extensions/microsoft-authentication/dist/extension.js
[2020-07-15 15:58:08.792] [exthost] [info] ExtensionService#_doActivateExtension vscode.search-result {"startup":true,"extensionId":{"value":"vscode.search-result","_lower":"vscode.search-result"},"activationEvent":"*"}
[2020-07-15 15:58:08.792] [exthost] [info] ExtensionService#loadCommonJSModule file:///usr/lib/code/extensions/search-result/dist/extension.js
[2020-07-15 15:58:08.793] [exthost] [info] ExtensionService#_doActivateExtension KnisterPeter.vscode-github {"startup":true,"extensionId":{"value":"KnisterPeter.vscode-github","_lower":"knisterpeter.vscode-github"},"activationEvent":"*"}
[2020-07-15 15:58:08.793] [exthost] [info] ExtensionService#loadCommonJSModule file:///home/ppacher/.vscode-oss/extensions/knisterpeter.vscode-github-0.30.3/out/src/main
[2020-07-15 15:58:09.040] [exthost] [info] ExtensionService#_doActivateExtension vscode.github {"startup":true,"extensionId":{"value":"vscode.github","_lower":"vscode.github"},"activationEvent":"*"}
[2020-07-15 15:58:09.040] [exthost] [info] ExtensionService#loadCommonJSModule file:///usr/lib/code/extensions/github/dist/extension.js
[2020-07-15 15:58:09.119] [exthost] [info] eager extensions activated
[2020-07-15 15:58:41.508] [exthost] [info] ExtensionService#_doActivateExtension sumneko.lua {"startup":false,"extensionId":{"value":"sumneko.lua","_lower":"sumneko.lua"},"activationEvent":"onLanguage:lua"}
[2020-07-15 15:58:41.508] [exthost] [info] ExtensionService#loadCommonJSModule file:///home/ppacher/.vscode-oss/extensions/sumneko.lua-0.19.4/client/out/extension
[2020-07-15 16:00:03.977] [exthost] [info] ExtensionService#_doActivateExtension vscode.configuration-editing {"startup":false,"extensionId":{"value":"vscode.configuration-editing","_lower":"vscode.configuration-editing"},"activationEvent":"onLanguage:jsonc"}
[2020-07-15 16:00:03.977] [exthost] [info] ExtensionService#loadCommonJSModule file:///usr/lib/code/extensions/configuration-editing/dist/configurationEditingMain
[2020-07-15 16:00:03.979] [exthost] [info] ExtensionService#_doActivateExtension vscode.json-language-features {"startup":false,"extensionId":{"value":"vscode.json-language-features","_lower":"vscode.json-language-features"},"activationEvent":"onLanguage:jsonc"}
[2020-07-15 16:00:03.979] [exthost] [info] ExtensionService#loadCommonJSModule file:///usr/lib/code/extensions/json-language-features/client/dist/node/jsonClientMain
[2020-07-15 16:00:03.990] [exthost] [info] ExtensionService#_doActivateExtension vscode.typescript-language-features {"startup":false,"extensionId":{"value":"vscode.typescript-language-features","_lower":"vscode.typescript-language-features"},"activationEvent":"onLanguage:jsonc"}
[2020-07-15 16:00:03.990] [exthost] [info] ExtensionService#loadCommonJSModule file:///usr/lib/code/extensions/typescript-language-features/dist/extension
[2020-07-15 16:01:58.841] [exthost] [info] ExtensionService#_doActivateExtension Hai.NeoVimSync {"startup":false,"extensionId":{"value":"Hai.NeoVimSync","_lower":"hai.neovimsync"},"activationEvent":"*"}
[2020-07-15 16:01:58.841] [exthost] [info] ExtensionService#loadCommonJSModule file:///home/ppacher/.vscode-oss/extensions/hai.neovimsync-0.6.0/out/extension.js
[2020-07-15 16:02:00.002] [exthost] [info] ExtensionService#_doActivateExtension vscode.extension-editing {"startup":false,"extensionId":{"value":"vscode.extension-editing","_lower":"vscode.extension-editing"},"activationEvent":"onLanguage:json"}
[2020-07-15 16:02:00.002] [exthost] [info] ExtensionService#loadCommonJSModule file:///usr/lib/code/extensions/extension-editing/dist/extension
[2020-07-15 16:02:00.022] [exthost] [info] ExtensionService#_doActivateExtension ms-vscode.js-debug {"startup":false,"extensionId":{"value":"ms-vscode.js-debug","_lower":"ms-vscode.js-debug"},"activationEvent":"onLanguage:json"}
[2020-07-15 16:02:00.022] [exthost] [info] ExtensionService#loadCommonJSModule file:///usr/lib/code/extensions/ms-vscode.js-debug/src/extension.js
[2020-07-15 16:02:00.266] [exthost] [info] ExtensionService#_doActivateExtension vscode.npm {"startup":false,"extensionId":{"value":"vscode.npm","_lower":"vscode.npm"},"activationEvent":"onLanguage:json"}
[2020-07-15 16:02:00.266] [exthost] [info] ExtensionService#loadCommonJSModule file:///usr/lib/code/extensions/npm/dist/npmMain
[2020-07-15 16:02:05.809] [exthost] [info] ExtensionService#_doActivateExtension asvetliakov.vscode-neovim {"startup":false,"extensionId":{"value":"asvetliakov.vscode-neovim","_lower":"asvetliakov.vscode-neovim"},"activationEvent":"*"}
[2020-07-15 16:02:05.809] [exthost] [info] ExtensionService#loadCommonJSModule file:///home/ppacher/.vscode-oss/extensions/asvetliakov.vscode-neovim-0.0.50/out/extension.js
[2020-07-15 16:03:28.911] [exthost] [info] ExtensionService#_doActivateExtension vscode.image-preview {"startup":false,"extensionId":{"value":"vscode.image-preview","_lower":"vscode.image-preview"},"activationEvent":"onCustomEditor:imagePreview.previewEditor"}
[2020-07-15 16:03:28.911] [exthost] [info] ExtensionService#loadCommonJSModule file:///usr/lib/code/extensions/image-preview/dist/extension
[2020-07-15 16:09:20.748] [exthost] [info] extension host started
[2020-07-15 16:09:20.780] [exthost] [info] ExtensionService#_doActivateExtension vscode.git {"startup":false,"extensionId":{"value":"vscode.git","_lower":"vscode.git"},"activationEvent":"onFileSystem:git"}
[2020-07-15 16:09:20.780] [exthost] [info] ExtensionService#loadCommonJSModule file:///usr/lib/code/extensions/git/dist/main
[2020-07-15 16:09:20.791] [exthost] [info] ExtensionService#_doActivateExtension vscode.configuration-editing {"startup":false,"extensionId":{"value":"vscode.configuration-editing","_lower":"vscode.configuration-editing"},"activationEvent":"onLanguage:jsonc"}
[2020-07-15 16:09:20.791] [exthost] [info] ExtensionService#loadCommonJSModule file:///usr/lib/code/extensions/configuration-editing/dist/configurationEditingMain
[2020-07-15 16:09:20.793] [exthost] [info] ExtensionService#_doActivateExtension vscode.json-language-features {"startup":false,"extensionId":{"value":"vscode.json-language-features","_lower":"vscode.json-language-features"},"activationEvent":"onLanguage:jsonc"}
[2020-07-15 16:09:20.793] [exthost] [info] ExtensionService#loadCommonJSModule file:///usr/lib/code/extensions/json-language-features/client/dist/node/jsonClientMain
[2020-07-15 16:09:20.802] [exthost] [info] ExtensionService#_doActivateExtension vscode.typescript-language-features {"startup":false,"extensionId":{"value":"vscode.typescript-language-features","_lower":"vscode.typescript-language-features"},"activationEvent":"onLanguage:jsonc"}
[2020-07-15 16:09:20.802] [exthost] [info] ExtensionService#loadCommonJSModule file:///usr/lib/code/extensions/typescript-language-features/dist/extension
[2020-07-15 16:09:20.808] [exthost] [info] ExtensionService#_doActivateExtension vscode.extension-editing {"startup":false,"extensionId":{"value":"vscode.extension-editing","_lower":"vscode.extension-editing"},"activationEvent":"onLanguage:json"}
[2020-07-15 16:09:20.808] [exthost] [info] ExtensionService#loadCommonJSModule file:///usr/lib/code/extensions/extension-editing/dist/extension
[2020-07-15 16:09:20.814] [exthost] [info] ExtensionService#_doActivateExtension ms-vscode.js-debug {"startup":false,"extensionId":{"value":"ms-vscode.js-debug","_lower":"ms-vscode.js-debug"},"activationEvent":"onLanguage:json"}
[2020-07-15 16:09:20.814] [exthost] [info] ExtensionService#loadCommonJSModule file:///usr/lib/code/extensions/ms-vscode.js-debug/src/extension.js
[2020-07-15 16:09:20.886] [exthost] [info] ExtensionService#_doActivateExtension vscode.npm {"startup":false,"extensionId":{"value":"vscode.npm","_lower":"vscode.npm"},"activationEvent":"onLanguage:json"}
[2020-07-15 16:09:20.886] [exthost] [info] ExtensionService#loadCommonJSModule file:///usr/lib/code/extensions/npm/dist/npmMain
[2020-07-15 16:09:20.888] [exthost] [info] ExtensionService#_doActivateExtension vscode.image-preview {"startup":false,"extensionId":{"value":"vscode.image-preview","_lower":"vscode.image-preview"},"activationEvent":"onCustomEditor:imagePreview.previewEditor"}
[2020-07-15 16:09:20.888] [exthost] [info] ExtensionService#loadCommonJSModule file:///usr/lib/code/extensions/image-preview/dist/extension
[2020-07-15 16:09:20.890] [exthost] [info] ExtensionService#_doActivateExtension vscode.debug-auto-launch {"startup":true,"extensionId":{"value":"vscode.debug-auto-launch","_lower":"vscode.debug-auto-launch"},"activationEvent":"*"}
[2020-07-15 16:09:20.890] [exthost] [info] ExtensionService#loadCommonJSModule file:///usr/lib/code/extensions/debug-auto-launch/dist/extension
[2020-07-15 16:09:20.891] [exthost] [info] ExtensionService#_doActivateExtension vscode.emmet {"startup":true,"extensionId":{"value":"vscode.emmet","_lower":"vscode.emmet"},"activationEvent":"*"}
[2020-07-15 16:09:20.891] [exthost] [info] ExtensionService#loadCommonJSModule file:///usr/lib/code/extensions/emmet/dist/extension
[2020-07-15 16:09:20.899] [exthost] [info] ExtensionService#_doActivateExtension vscode.github-authentication {"startup":true,"extensionId":{"value":"vscode.github-authentication","_lower":"vscode.github-authentication"},"activationEvent":"*"}
[2020-07-15 16:09:20.899] [exthost] [info] ExtensionService#loadCommonJSModule file:///usr/lib/code/extensions/github-authentication/dist/extension.js
[2020-07-15 16:09:20.903] [exthost] [info] ExtensionService#_doActivateExtension vscode.merge-conflict {"startup":true,"extensionId":{"value":"vscode.merge-conflict","_lower":"vscode.merge-conflict"},"activationEvent":"*"}
[2020-07-15 16:09:20.903] [exthost] [info] ExtensionService#loadCommonJSModule file:///usr/lib/code/extensions/merge-conflict/dist/mergeConflictMain
[2020-07-15 16:09:20.904] [exthost] [info] ExtensionService#_doActivateExtension vscode.microsoft-authentication {"startup":true,"extensionId":{"value":"vscode.microsoft-authentication","_lower":"vscode.microsoft-authentication"},"activationEvent":"*"}
[2020-07-15 16:09:20.904] [exthost] [info] ExtensionService#loadCommonJSModule file:///usr/lib/code/extensions/microsoft-authentication/dist/extension.js
[2020-07-15 16:09:20.906] [exthost] [info] ExtensionService#_doActivateExtension vscode.search-result {"startup":true,"extensionId":{"value":"vscode.search-result","_lower":"vscode.search-result"},"activationEvent":"*"}
[2020-07-15 16:09:20.906] [exthost] [info] ExtensionService#loadCommonJSModule file:///usr/lib/code/extensions/search-result/dist/extension.js
[2020-07-15 16:09:20.907] [exthost] [info] ExtensionService#_doActivateExtension KnisterPeter.vscode-github {"startup":true,"extensionId":{"value":"KnisterPeter.vscode-github","_lower":"knisterpeter.vscode-github"},"activationEvent":"*"}
[2020-07-15 16:09:20.907] [exthost] [info] ExtensionService#loadCommonJSModule file:///home/ppacher/.vscode-oss/extensions/knisterpeter.vscode-github-0.30.3/out/src/main
[2020-07-15 16:09:21.118] [exthost] [info] ExtensionService#_doActivateExtension vscode.github {"startup":true,"extensionId":{"value":"vscode.github","_lower":"vscode.github"},"activationEvent":"*"}
[2020-07-15 16:09:21.118] [exthost] [info] ExtensionService#loadCommonJSModule file:///usr/lib/code/extensions/github/dist/extension.js
[2020-07-15 16:09:21.132] [exthost] [info] eager extensions activated
[2020-07-15 16:15:17.165] [exthost] [info] extension host started
[2020-07-15 16:15:17.197] [exthost] [info] ExtensionService#_doActivateExtension vscode.configuration-editing {"startup":false,"extensionId":{"value":"vscode.configuration-editing","_lower":"vscode.configuration-editing"},"activationEvent":"onLanguage:jsonc"}
[2020-07-15 16:15:17.198] [exthost] [info] ExtensionService#loadCommonJSModule file:///usr/lib/code/extensions/configuration-editing/dist/configurationEditingMain
[2020-07-15 16:15:17.201] [exthost] [info] ExtensionService#_doActivateExtension vscode.json-language-features {"startup":false,"extensionId":{"value":"vscode.json-language-features","_lower":"vscode.json-language-features"},"activationEvent":"onLanguage:jsonc"}
[2020-07-15 16:15:17.201] [exthost] [info] ExtensionService#loadCommonJSModule file:///usr/lib/code/extensions/json-language-features/client/dist/node/jsonClientMain
[2020-07-15 16:15:17.217] [exthost] [info] ExtensionService#_doActivateExtension vscode.typescript-language-features {"startup":false,"extensionId":{"value":"vscode.typescript-language-features","_lower":"vscode.typescript-language-features"},"activationEvent":"onLanguage:jsonc"}
[2020-07-15 16:15:17.217] [exthost] [info] ExtensionService#loadCommonJSModule file:///usr/lib/code/extensions/typescript-language-features/dist/extension
[2020-07-15 16:15:17.229] [exthost] [info] ExtensionService#_doActivateExtension sumneko.lua {"startup":false,"extensionId":{"value":"sumneko.lua","_lower":"sumneko.lua"},"activationEvent":"onLanguage:lua"}
[2020-07-15 16:15:17.230] [exthost] [info] ExtensionService#loadCommonJSModule file:///home/ppacher/.vscode-oss/extensions/sumneko.lua-0.19.4/client/out/extension
[2020-07-15 16:15:17.270] [exthost] [info] ExtensionService#_doActivateExtension vscode.debug-auto-launch {"startup":true,"extensionId":{"value":"vscode.debug-auto-launch","_lower":"vscode.debug-auto-launch"},"activationEvent":"*"}
[2020-07-15 16:15:17.270] [exthost] [info] ExtensionService#loadCommonJSModule file:///usr/lib/code/extensions/debug-auto-launch/dist/extension
[2020-07-15 16:15:17.271] [exthost] [info] ExtensionService#_doActivateExtension vscode.emmet {"startup":true,"extensionId":{"value":"vscode.emmet","_lower":"vscode.emmet"},"activationEvent":"*"}
[2020-07-15 16:15:17.271] [exthost] [info] ExtensionService#loadCommonJSModule file:///usr/lib/code/extensions/emmet/dist/extension
[2020-07-15 16:15:17.277] [exthost] [info] ExtensionService#_doActivateExtension vscode.git {"startup":true,"extensionId":{"value":"vscode.github","_lower":"vscode.github"},"activationEvent":"*"}
[2020-07-15 16:15:17.277] [exthost] [info] ExtensionService#loadCommonJSModule file:///usr/lib/code/extensions/git/dist/main
[2020-07-15 16:15:17.291] [exthost] [info] ExtensionService#_doActivateExtension vscode.github-authentication {"startup":true,"extensionId":{"value":"vscode.github-authentication","_lower":"vscode.github-authentication"},"activationEvent":"*"}
[2020-07-15 16:15:17.291] [exthost] [info] ExtensionService#loadCommonJSModule file:///usr/lib/code/extensions/github-authentication/dist/extension.js
[2020-07-15 16:15:17.296] [exthost] [info] ExtensionService#_doActivateExtension vscode.merge-conflict {"startup":true,"extensionId":{"value":"vscode.merge-conflict","_lower":"vscode.merge-conflict"},"activationEvent":"*"}
[2020-07-15 16:15:17.296] [exthost] [info] ExtensionService#loadCommonJSModule file:///usr/lib/code/extensions/merge-conflict/dist/mergeConflictMain
[2020-07-15 16:15:17.299] [exthost] [info] ExtensionService#_doActivateExtension vscode.microsoft-authentication {"startup":true,"extensionId":{"value":"vscode.microsoft-authentication","_lower":"vscode.microsoft-authentication"},"activationEvent":"*"}
[2020-07-15 16:15:17.299] [exthost] [info] ExtensionService#loadCommonJSModule file:///usr/lib/code/extensions/microsoft-authentication/dist/extension.js
[2020-07-15 16:15:17.308] [exthost] [info] ExtensionService#_doActivateExtension vscode.search-result {"startup":true,"extensionId":{"value":"vscode.search-result","_lower":"vscode.search-result"},"activationEvent":"*"}
[2020-07-15 16:15:17.308] [exthost] [info] ExtensionService#loadCommonJSModule file:///usr/lib/code/extensions/search-result/dist/extension.js
[2020-07-15 16:15:17.309] [exthost] [info] ExtensionService#_doActivateExtension asvetliakov.vscode-neovim {"startup":true,"extensionId":{"value":"asvetliakov.vscode-neovim","_lower":"asvetliakov.vscode-neovim"},"activationEvent":"*"}
[2020-07-15 16:15:17.309] [exthost] [info] ExtensionService#loadCommonJSModule file:///home/ppacher/.vscode-oss/extensions/asvetliakov.vscode-neovim-0.0.50/out/extension.js
[2020-07-15 16:15:17.393] [exthost] [info] ExtensionService#_doActivateExtension Hai.NeoVimSync {"startup":true,"extensionId":{"value":"Hai.NeoVimSync","_lower":"hai.neovimsync"},"activationEvent":"*"}
[2020-07-15 16:15:17.393] [exthost] [info] ExtensionService#loadCommonJSModule file:///home/ppacher/.vscode-oss/extensions/hai.neovimsync-0.6.0/out/extension.js
[2020-07-15 16:15:17.393] [exthost] [info] ExtensionService#_doActivateExtension KnisterPeter.vscode-github {"startup":true,"extensionId":{"value":"KnisterPeter.vscode-github","_lower":"knisterpeter.vscode-github"},"activationEvent":"*"}
[2020-07-15 16:15:17.393] [exthost] [info] ExtensionService#loadCommonJSModule file:///home/ppacher/.vscode-oss/extensions/knisterpeter.vscode-github-0.30.3/out/src/main
[2020-07-15 16:15:17.680] [exthost] [error] Activating extension asvetliakov.vscode-neovim failed due to an error:
[2020-07-15 16:15:17.680] [exthost] [error] Error: Error making request to nvim_create_buf
	at NeovimClient.request (/home/ppacher/.vscode-oss/extensions/asvetliakov.vscode-neovim-0.0.50/node_modules/neovim/lib/api/Base.js:75:23)
	at NeovimClient.createBuf (/home/ppacher/.vscode-oss/extensions/asvetliakov.vscode-neovim-0.0.50/node_modules/neovim/lib/api/Neovim.js:670:21)
	at NeovimClient.createBuffer (/home/ppacher/.vscode-oss/extensions/asvetliakov.vscode-neovim-0.0.50/node_modules/neovim/lib/api/Neovim.js:676:21)
	at NVIMPluginController.<anonymous> (/home/ppacher/.vscode-oss/extensions/asvetliakov.vscode-neovim-0.0.50/out/controller.js:1570:43)
	at Generator.next (<anonymous>)
	at fulfilled (/home/ppacher/.vscode-oss/extensions/asvetliakov.vscode-neovim-0.0.50/out/controller.js:5:58)
	at processTicksAndRejections (internal/process/task_queues.js:85:5)
[2020-07-15 16:15:17.680] [exthost] [info] ExtensionService#_doActivateExtension vscode.github {"startup":true,"extensionId":{"value":"vscode.github","_lower":"vscode.github"},"activationEvent":"*"}
[2020-07-15 16:15:17.680] [exthost] [info] ExtensionService#loadCommonJSModule file:///usr/lib/code/extensions/github/dist/extension.js
[2020-07-15 16:15:17.704] [exthost] [info] eager extensions activated
[2020-07-15 16:15:22.054] [exthost] [info] ExtensionService#_doActivateExtension vscode.extension-editing {"startup":false,"extensionId":{"value":"vscode.extension-editing","_lower":"vscode.extension-editing"},"activationEvent":"onLanguage:json"}
[2020-07-15 16:15:22.054] [exthost] [info] ExtensionService#loadCommonJSModule file:///usr/lib/code/extensions/extension-editing/dist/extension
[2020-07-15 16:15:22.059] [exthost] [info] ExtensionService#_doActivateExtension ms-vscode.js-debug {"startup":false,"extensionId":{"value":"ms-vscode.js-debug","_lower":"ms-vscode.js-debug"},"activationEvent":"onLanguage:json"}
[2020-07-15 16:15:22.059] [exthost] [info] ExtensionService#loadCommonJSModule file:///usr/lib/code/extensions/ms-vscode.js-debug/src/extension.js
[2020-07-15 16:15:22.169] [exthost] [info] ExtensionService#_doActivateExtension vscode.npm {"startup":false,"extensionId":{"value":"vscode.npm","_lower":"vscode.npm"},"activationEvent":"onLanguage:json"}
[2020-07-15 16:15:22.169] [exthost] [info] ExtensionService#loadCommonJSModule file:///usr/lib/code/extensions/npm/dist/npmMain
[2020-07-15 16:16:13.922] [exthost] [info] extension host started
[2020-07-15 16:16:13.965] [exthost] [info] ExtensionService#_doActivateExtension sumneko.lua {"startup":false,"extensionId":{"value":"sumneko.lua","_lower":"sumneko.lua"},"activationEvent":"onLanguage:lua"}
[2020-07-15 16:16:13.965] [exthost] [info] ExtensionService#loadCommonJSModule file:///home/ppacher/.vscode-oss/extensions/sumneko.lua-0.19.4/client/out/extension
[2020-07-15 16:16:14.006] [exthost] [info] ExtensionService#_doActivateExtension vscode.debug-auto-launch {"startup":true,"extensionId":{"value":"vscode.debug-auto-launch","_lower":"vscode.debug-auto-launch"},"activationEvent":"*"}
[2020-07-15 16:16:14.006] [exthost] [info] ExtensionService#loadCommonJSModule file:///usr/lib/code/extensions/debug-auto-launch/dist/extension
[2020-07-15 16:16:14.008] [exthost] [info] ExtensionService#_doActivateExtension vscode.emmet {"startup":true,"extensionId":{"value":"vscode.emmet","_lower":"vscode.emmet"},"activationEvent":"*"}
[2020-07-15 16:16:14.008] [exthost] [info] ExtensionService#loadCommonJSModule file:///usr/lib/code/extensions/emmet/dist/extension
[2020-07-15 16:16:14.015] [exthost] [info] ExtensionService#_doActivateExtension vscode.git {"startup":true,"extensionId":{"value":"vscode.github","_lower":"vscode.github"},"activationEvent":"*"}
[2020-07-15 16:16:14.015] [exthost] [info] ExtensionService#loadCommonJSModule file:///usr/lib/code/extensions/git/dist/main
[2020-07-15 16:16:14.027] [exthost] [info] ExtensionService#_doActivateExtension vscode.github-authentication {"startup":true,"extensionId":{"value":"vscode.github-authentication","_lower":"vscode.github-authentication"},"activationEvent":"*"}
[2020-07-15 16:16:14.028] [exthost] [info] ExtensionService#loadCommonJSModule file:///usr/lib/code/extensions/github-authentication/dist/extension.js
[2020-07-15 16:16:14.032] [exthost] [info] ExtensionService#_doActivateExtension vscode.merge-conflict {"startup":true,"extensionId":{"value":"vscode.merge-conflict","_lower":"vscode.merge-conflict"},"activationEvent":"*"}
[2020-07-15 16:16:14.032] [exthost] [info] ExtensionService#loadCommonJSModule file:///usr/lib/code/extensions/merge-conflict/dist/mergeConflictMain
[2020-07-15 16:16:14.033] [exthost] [info] ExtensionService#_doActivateExtension vscode.microsoft-authentication {"startup":true,"extensionId":{"value":"vscode.microsoft-authentication","_lower":"vscode.microsoft-authentication"},"activationEvent":"*"}
[2020-07-15 16:16:14.033] [exthost] [info] ExtensionService#loadCommonJSModule file:///usr/lib/code/extensions/microsoft-authentication/dist/extension.js
[2020-07-15 16:16:14.038] [exthost] [info] ExtensionService#_doActivateExtension vscode.search-result {"startup":true,"extensionId":{"value":"vscode.search-result","_lower":"vscode.search-result"},"activationEvent":"*"}
[2020-07-15 16:16:14.038] [exthost] [info] ExtensionService#loadCommonJSModule file:///usr/lib/code/extensions/search-result/dist/extension.js
[2020-07-15 16:16:14.039] [exthost] [info] ExtensionService#_doActivateExtension asvetliakov.vscode-neovim {"startup":true,"extensionId":{"value":"asvetliakov.vscode-neovim","_lower":"asvetliakov.vscode-neovim"},"activationEvent":"*"}
[2020-07-15 16:16:14.039] [exthost] [info] ExtensionService#loadCommonJSModule file:///home/ppacher/.vscode-oss/extensions/asvetliakov.vscode-neovim-0.0.50/out/extension.js
[2020-07-15 16:16:14.131] [exthost] [info] ExtensionService#_doActivateExtension KnisterPeter.vscode-github {"startup":true,"extensionId":{"value":"KnisterPeter.vscode-github","_lower":"knisterpeter.vscode-github"},"activationEvent":"*"}
[2020-07-15 16:16:14.131] [exthost] [info] ExtensionService#loadCommonJSModule file:///home/ppacher/.vscode-oss/extensions/knisterpeter.vscode-github-0.30.3/out/src/main
[2020-07-15 16:16:14.412] [exthost] [error] Activating extension asvetliakov.vscode-neovim failed due to an error:
[2020-07-15 16:16:14.412] [exthost] [error] Error: Error making request to nvim_create_buf
	at NeovimClient.request (/home/ppacher/.vscode-oss/extensions/asvetliakov.vscode-neovim-0.0.50/node_modules/neovim/lib/api/Base.js:75:23)
	at NeovimClient.createBuf (/home/ppacher/.vscode-oss/extensions/asvetliakov.vscode-neovim-0.0.50/node_modules/neovim/lib/api/Neovim.js:670:21)
	at NeovimClient.createBuffer (/home/ppacher/.vscode-oss/extensions/asvetliakov.vscode-neovim-0.0.50/node_modules/neovim/lib/api/Neovim.js:676:21)
	at NVIMPluginController.<anonymous> (/home/ppacher/.vscode-oss/extensions/asvetliakov.vscode-neovim-0.0.50/out/controller.js:1570:43)
	at Generator.next (<anonymous>)
	at fulfilled (/home/ppacher/.vscode-oss/extensions/asvetliakov.vscode-neovim-0.0.50/out/controller.js:5:58)
	at processTicksAndRejections (internal/process/task_queues.js:85:5)
[2020-07-15 16:16:14.412] [exthost] [info] ExtensionService#_doActivateExtension vscode.github {"startup":true,"extensionId":{"value":"vscode.github","_lower":"vscode.github"},"activationEvent":"*"}
[2020-07-15 16:16:14.412] [exthost] [info] ExtensionService#loadCommonJSModule file:///usr/lib/code/extensions/github/dist/extension.js
[2020-07-15 16:16:14.489] [exthost] [info] eager extensions activated
