[2020-07-15 15:58:10.536] [sharedprocess] [info] main {"machineId":"677c4e7fad726b873c9c3655032499a00a8462dd94798636a41a6cc31ea89bab","windowId":2}
[2020-07-15 15:58:10.550] [sharedprocess] [error] [File Watcher (node.js)] Error: ENOENT: no such file or directory, stat '/home/ppacher/.config/Code - OSS/User/snippets'
[2020-07-15 15:58:13.677] [sharedprocess] [info] Installing extension: sumneko.lua
[2020-07-15 15:58:14.398] [sharedprocess] [info] Downloaded extension: sumneko.lua /home/ppacher/.config/Code - OSS/CachedExtensionVSIXs/sumneko.lua-0.19.4
[2020-07-15 15:58:15.145] [sharedprocess] [info] Extracted extension to /home/ppacher/.vscode-oss/extensions/.sumneko.lua-0.19.4: sumneko.lua
[2020-07-15 15:58:15.145] [sharedprocess] [info] Renamed to /home/ppacher/.vscode-oss/extensions/sumneko.lua-0.19.4
[2020-07-15 15:58:15.146] [sharedprocess] [info] Installation completed. sumneko.lua
[2020-07-15 15:58:15.155] [sharedprocess] [info] Extensions installed successfully: sumneko.lua
[2020-07-15 15:58:50.545] [sharedprocess] [info] Starting to clean up unused language packs.
[2020-07-15 16:01:58.298] [sharedprocess] [info] Installing extension: hai.neovimsync
[2020-07-15 16:01:58.723] [sharedprocess] [info] Downloaded extension: hai.neovimsync /home/ppacher/.config/Code - OSS/CachedExtensionVSIXs/hai.neovimsync-0.6.0
[2020-07-15 16:01:58.735] [sharedprocess] [info] Extracted extension to /home/ppacher/.vscode-oss/extensions/.hai.neovimsync-0.6.0: hai.neovimsync
[2020-07-15 16:01:58.735] [sharedprocess] [info] Renamed to /home/ppacher/.vscode-oss/extensions/hai.neovimsync-0.6.0
[2020-07-15 16:01:58.736] [sharedprocess] [info] Installation completed. hai.neovimsync
[2020-07-15 16:01:58.739] [sharedprocess] [info] Extensions installed successfully: hai.neovimsync
[2020-07-15 16:02:03.983] [sharedprocess] [info] Installing extension: asvetliakov.vscode-neovim
[2020-07-15 16:02:04.610] [sharedprocess] [info] Downloaded extension: asvetliakov.vscode-neovim /home/ppacher/.config/Code - OSS/CachedExtensionVSIXs/asvetliakov.vscode-neovim-0.0.50
[2020-07-15 16:02:05.669] [sharedprocess] [info] Extracted extension to /home/ppacher/.vscode-oss/extensions/.asvetliakov.vscode-neovim-0.0.50: asvetliakov.vscode-neovim
[2020-07-15 16:02:05.669] [sharedprocess] [info] Renamed to /home/ppacher/.vscode-oss/extensions/asvetliakov.vscode-neovim-0.0.50
[2020-07-15 16:02:05.671] [sharedprocess] [info] Installation completed. asvetliakov.vscode-neovim
[2020-07-15 16:02:05.679] [sharedprocess] [info] Extensions installed successfully: asvetliakov.vscode-neovim
[2020-07-15 16:07:27.835] [sharedprocess] [info] Installing extension: medzhidov.font-awesome-codes-css
[2020-07-15 16:07:28.261] [sharedprocess] [info] Downloaded extension: medzhidov.font-awesome-codes-css /home/ppacher/.config/Code - OSS/CachedExtensionVSIXs/medzhidov.font-awesome-codes-css-0.1.1
[2020-07-15 16:07:28.277] [sharedprocess] [info] Extracted extension to /home/ppacher/.vscode-oss/extensions/.medzhidov.font-awesome-codes-css-0.1.1: medzhidov.font-awesome-codes-css
[2020-07-15 16:07:28.277] [sharedprocess] [info] Renamed to /home/ppacher/.vscode-oss/extensions/medzhidov.font-awesome-codes-css-0.1.1
[2020-07-15 16:07:28.278] [sharedprocess] [info] Installation completed. medzhidov.font-awesome-codes-css
[2020-07-15 16:07:28.283] [sharedprocess] [info] Extensions installed successfully: medzhidov.font-awesome-codes-css
[2020-07-15 16:16:10.925] [sharedprocess] [info] Uninstalling extension: hai.neovimsync
[2020-07-15 16:16:10.936] [sharedprocess] [info] Successfully uninstalled extension: hai.neovimsync
