[2020-07-15 17:03:45.839] [exthost] [info] extension host started
[2020-07-15 17:03:45.856] [exthost] [info] ExtensionService#_doActivateExtension sumneko.lua {"startup":false,"extensionId":{"value":"sumneko.lua","_lower":"sumneko.lua"},"activationEvent":"onLanguage:lua"}
[2020-07-15 17:03:45.856] [exthost] [info] ExtensionService#loadCommonJSModule file:///home/ppacher/.vscode-oss/extensions/sumneko.lua-0.19.4/client/out/extension
[2020-07-15 17:03:45.895] [exthost] [info] ExtensionService#_doActivateExtension vscode.debug-auto-launch {"startup":true,"extensionId":{"value":"vscode.debug-auto-launch","_lower":"vscode.debug-auto-launch"},"activationEvent":"*"}
[2020-07-15 17:03:45.895] [exthost] [info] ExtensionService#loadCommonJSModule file:///usr/lib/code/extensions/debug-auto-launch/dist/extension
[2020-07-15 17:03:45.897] [exthost] [info] ExtensionService#_doActivateExtension vscode.emmet {"startup":true,"extensionId":{"value":"vscode.emmet","_lower":"vscode.emmet"},"activationEvent":"*"}
[2020-07-15 17:03:45.897] [exthost] [info] ExtensionService#loadCommonJSModule file:///usr/lib/code/extensions/emmet/dist/extension
[2020-07-15 17:03:45.905] [exthost] [info] ExtensionService#_doActivateExtension vscode.git {"startup":true,"extensionId":{"value":"vscode.github","_lower":"vscode.github"},"activationEvent":"*"}
[2020-07-15 17:03:45.905] [exthost] [info] ExtensionService#loadCommonJSModule file:///usr/lib/code/extensions/git/dist/main
[2020-07-15 17:03:45.916] [exthost] [info] ExtensionService#_doActivateExtension vscode.github-authentication {"startup":true,"extensionId":{"value":"vscode.github-authentication","_lower":"vscode.github-authentication"},"activationEvent":"*"}
[2020-07-15 17:03:45.916] [exthost] [info] ExtensionService#loadCommonJSModule file:///usr/lib/code/extensions/github-authentication/dist/extension.js
[2020-07-15 17:03:45.920] [exthost] [info] ExtensionService#_doActivateExtension vscode.merge-conflict {"startup":true,"extensionId":{"value":"vscode.merge-conflict","_lower":"vscode.merge-conflict"},"activationEvent":"*"}
[2020-07-15 17:03:45.920] [exthost] [info] ExtensionService#loadCommonJSModule file:///usr/lib/code/extensions/merge-conflict/dist/mergeConflictMain
[2020-07-15 17:03:45.921] [exthost] [info] ExtensionService#_doActivateExtension vscode.microsoft-authentication {"startup":true,"extensionId":{"value":"vscode.microsoft-authentication","_lower":"vscode.microsoft-authentication"},"activationEvent":"*"}
[2020-07-15 17:03:45.921] [exthost] [info] ExtensionService#loadCommonJSModule file:///usr/lib/code/extensions/microsoft-authentication/dist/extension.js
[2020-07-15 17:03:45.927] [exthost] [info] ExtensionService#_doActivateExtension vscode.search-result {"startup":true,"extensionId":{"value":"vscode.search-result","_lower":"vscode.search-result"},"activationEvent":"*"}
[2020-07-15 17:03:45.927] [exthost] [info] ExtensionService#loadCommonJSModule file:///usr/lib/code/extensions/search-result/dist/extension.js
[2020-07-15 17:03:45.928] [exthost] [info] ExtensionService#_doActivateExtension asvetliakov.vscode-neovim {"startup":true,"extensionId":{"value":"asvetliakov.vscode-neovim","_lower":"asvetliakov.vscode-neovim"},"activationEvent":"*"}
[2020-07-15 17:03:45.928] [exthost] [info] ExtensionService#loadCommonJSModule file:///home/ppacher/.vscode-oss/extensions/asvetliakov.vscode-neovim-0.0.50/out/extension.js
[2020-07-15 17:03:46.024] [exthost] [info] ExtensionService#_doActivateExtension KnisterPeter.vscode-github {"startup":true,"extensionId":{"value":"KnisterPeter.vscode-github","_lower":"knisterpeter.vscode-github"},"activationEvent":"*"}
[2020-07-15 17:03:46.024] [exthost] [info] ExtensionService#loadCommonJSModule file:///home/ppacher/.vscode-oss/extensions/knisterpeter.vscode-github-0.30.3/out/src/main
[2020-07-15 17:03:46.279] [exthost] [error] Activating extension asvetliakov.vscode-neovim failed due to an error:
[2020-07-15 17:03:46.279] [exthost] [error] Error: Error making request to nvim_create_buf
	at NeovimClient.request (/home/ppacher/.vscode-oss/extensions/asvetliakov.vscode-neovim-0.0.50/node_modules/neovim/lib/api/Base.js:75:23)
	at NeovimClient.createBuf (/home/ppacher/.vscode-oss/extensions/asvetliakov.vscode-neovim-0.0.50/node_modules/neovim/lib/api/Neovim.js:670:21)
	at NeovimClient.createBuffer (/home/ppacher/.vscode-oss/extensions/asvetliakov.vscode-neovim-0.0.50/node_modules/neovim/lib/api/Neovim.js:676:21)
	at NVIMPluginController.<anonymous> (/home/ppacher/.vscode-oss/extensions/asvetliakov.vscode-neovim-0.0.50/out/controller.js:1570:43)
	at Generator.next (<anonymous>)
	at fulfilled (/home/ppacher/.vscode-oss/extensions/asvetliakov.vscode-neovim-0.0.50/out/controller.js:5:58)
	at processTicksAndRejections (internal/process/task_queues.js:85:5)
[2020-07-15 17:03:46.279] [exthost] [info] ExtensionService#_doActivateExtension vscode.github {"startup":true,"extensionId":{"value":"vscode.github","_lower":"vscode.github"},"activationEvent":"*"}
[2020-07-15 17:03:46.279] [exthost] [info] ExtensionService#loadCommonJSModule file:///usr/lib/code/extensions/github/dist/extension.js
[2020-07-15 17:03:46.355] [exthost] [info] eager extensions activated
